<?xml version="1.0" encoding="UTF-8"?>
<testsuite xmlns:xsi="http://www.w3.org/2001/XMLSchema-instance" xsi:noNamespaceSchemaLocation="https://maven.apache.org/surefire/maven-surefire-plugin/xsd/surefire-test-report-3.0.xsd" version="3.0" name="testRunner.CucumberTestRunner" time="16.441" tests="4" errors="0" skipped="2" failures="0">
  <properties>
[...]
</properties>
  <testcase name="runScenario[&quot;Verify All Items on Cart badge&quot;, &quot;Product&quot;](1)" classname="testRunner.CucumberTestRunner" time="2.989">
    <system-out><![CDATA[Configuring TestNG with: TestNG740Configurator

@VerifyAllItemsOnCartBadge
Scenario Outline: Verify All Items on Cart badge                             &amp#27;[90m# Features/Product.feature:55&amp#27;[0m
  &amp#27;[32mGiven &amp#27;[0m&amp#27;[32mUser launch browser&amp#27;[0m                                                  &amp#27;[90m# StepDefinitions.LoginSteps.user_launch_browser()&amp#27;[0m
  &amp#27;[32mWhen &amp#27;[0m&amp#27;[32mUser open url saucedemo&amp#27;[0m                                               &amp#27;[90m# StepDefinitions.LoginSteps.user_open_url()&amp#27;[0m
  &amp#27;[32mWhen &amp#27;[0m&amp#27;[32mUser enter username as &amp#27;[0m&amp#27;[32m&amp#27;[1m"standard_user"&amp#27;[0m&amp#27;[32m and password as &amp#27;[0m&amp#27;[32m&amp#27;[1m"secret_sauce"&amp#27;[0m &amp#27;[90m# StepDefinitions.LoginSteps.user_enter_user_as_and_password_as(java.lang.String,java.lang.String)&amp#27;[0m
  &amp#27;[32mAnd &amp#27;[0m&amp#27;[32mClick Login&amp#27;[0m                                                            &amp#27;[90m# StepDefinitions.LoginSteps.click_login()&amp#27;[0m
Cart badge after adding item 6: 6
  &amp#27;[32mThen &amp#27;[0m&amp#27;[32mVerify Cart badge&amp#27;[0m                                                     &amp#27;[90m# StepDefinitions.ProductSteps.verify_cart_badge()&amp#27;[0m
  &amp#27;[32mAnd &amp#27;[0m&amp#27;[32mClose the browser&amp#27;[0m                                                      &amp#27;[90m# StepDefinitions.LoginSteps.close_the_browser()&amp#27;[0m
]]></system-out>
    <system-err><![CDATA[SLF4J: Failed to load class "org.slf4j.impl.StaticLoggerBinder".
SLF4J: Defaulting to no-operation (NOP) logger implementation
SLF4J: See http://www.slf4j.org/codes.html#StaticLoggerBinder for further details.
]]></system-err>
  </testcase>
  <testcase name="runScenario[&quot;Verify All Items on Cart badge&quot;, &quot;Product&quot;](2)" classname="testRunner.CucumberTestRunner" time="0">
    <skipped message="null Skipping test: Jacket/Tshirt and Redshirt not found in the cart due to defect ProductPage Add/Remove Btns."/>
    <system-out><![CDATA[
@VerifyAllItemsOnCartBadge
Scenario Outline: Verify All Items on Cart badge                            &amp#27;[90m# Features/Product.feature:56&amp#27;[0m
  &amp#27;[32mGiven &amp#27;[0m&amp#27;[32mUser launch browser&amp#27;[0m                                                 &amp#27;[90m# StepDefinitions.LoginSteps.user_launch_browser()&amp#27;[0m
  &amp#27;[32mWhen &amp#27;[0m&amp#27;[32mUser open url saucedemo&amp#27;[0m                                              &amp#27;[90m# StepDefinitions.LoginSteps.user_open_url()&amp#27;[0m
  &amp#27;[32mWhen &amp#27;[0m&amp#27;[32mUser enter username as &amp#27;[0m&amp#27;[32m&amp#27;[1m"problem_user"&amp#27;[0m&amp#27;[32m and password as &amp#27;[0m&amp#27;[32m&amp#27;[1m"secret_sauce"&amp#27;[0m &amp#27;[90m# StepDefinitions.LoginSteps.user_enter_user_as_and_password_as(java.lang.String,java.lang.String)&amp#27;[0m
  &amp#27;[32mAnd &amp#27;[0m&amp#27;[32mClick Login&amp#27;[0m                                                           &amp#27;[90m# StepDefinitions.LoginSteps.click_login()&amp#27;[0m
  &amp#27;[36mThen &amp#27;[0m&amp#27;[36mVerify Cart badge&amp#27;[0m                                                    &amp#27;[90m# StepDefinitions.ProductSteps.verify_cart_badge()&amp#27;[0m
      &amp#27;[36morg.testng.SkipException: null Skipping test: Jacket/Tshirt and Redshirt not found in the cart due to defect ProductPage Add/Remove Btns.
	at StepDefinitions.ProductSteps.verify_cart_badge(ProductSteps.java:185)
	at ✽.Verify Cart badge(file:///C:/Users/admin/eclipse-workspace/BDD/BDD-Saucedemo/Features/Product.feature:51)
&amp#27;[0m
  &amp#27;[36mAnd &amp#27;[0m&amp#27;[36mClose the browser&amp#27;[0m                                                     &amp#27;[90m# StepDefinitions.LoginSteps.close_the_browser()&amp#27;[0m
]]></system-out>
  </testcase>
  <testcase name="runScenario[&quot;Verify All Items on Cart badge&quot;, &quot;Product&quot;](3)" classname="testRunner.CucumberTestRunner" time="0">
    <skipped message="null Skipping test: Jacket/Tshirt and Redshirt not found in the cart due to defect ProductPage Add/Remove Btns."/>
    <system-out><![CDATA[
@VerifyAllItemsOnCartBadge
Scenario Outline: Verify All Items on Cart badge                          &amp#27;[90m# Features/Product.feature:57&amp#27;[0m
  &amp#27;[32mGiven &amp#27;[0m&amp#27;[32mUser launch browser&amp#27;[0m                                               &amp#27;[90m# StepDefinitions.LoginSteps.user_launch_browser()&amp#27;[0m
  &amp#27;[32mWhen &amp#27;[0m&amp#27;[32mUser open url saucedemo&amp#27;[0m                                            &amp#27;[90m# StepDefinitions.LoginSteps.user_open_url()&amp#27;[0m
  &amp#27;[32mWhen &amp#27;[0m&amp#27;[32mUser enter username as &amp#27;[0m&amp#27;[32m&amp#27;[1m"error_user"&amp#27;[0m&amp#27;[32m and password as &amp#27;[0m&amp#27;[32m&amp#27;[1m"secret_sauce"&amp#27;[0m &amp#27;[90m# StepDefinitions.LoginSteps.user_enter_user_as_and_password_as(java.lang.String,java.lang.String)&amp#27;[0m
  &amp#27;[32mAnd &amp#27;[0m&amp#27;[32mClick Login&amp#27;[0m                                                         &amp#27;[90m# StepDefinitions.LoginSteps.click_login()&amp#27;[0m
  &amp#27;[36mThen &amp#27;[0m&amp#27;[36mVerify Cart badge&amp#27;[0m                                                  &amp#27;[90m# StepDefinitions.ProductSteps.verify_cart_badge()&amp#27;[0m
      &amp#27;[36morg.testng.SkipException: null Skipping test: Jacket/Tshirt and Redshirt not found in the cart due to defect ProductPage Add/Remove Btns.
	at StepDefinitions.ProductSteps.verify_cart_badge(ProductSteps.java:185)
	at ✽.Verify Cart badge(file:///C:/Users/admin/eclipse-workspace/BDD/BDD-Saucedemo/Features/Product.feature:51)
&amp#27;[0m
  &amp#27;[36mAnd &amp#27;[0m&amp#27;[36mClose the browser&amp#27;[0m                                                   &amp#27;[90m# StepDefinitions.LoginSteps.close_the_browser()&amp#27;[0m
]]></system-out>
  </testcase>
  <testcase name="runScenario[&quot;Verify All Items on Cart badge&quot;, &quot;Product&quot;](4)" classname="testRunner.CucumberTestRunner" time="2.212">
    <system-out><![CDATA[
@VerifyAllItemsOnCartBadge
Scenario Outline: Verify All Items on Cart badge                           &amp#27;[90m# Features/Product.feature:58&amp#27;[0m
  &amp#27;[32mGiven &amp#27;[0m&amp#27;[32mUser launch browser&amp#27;[0m                                                &amp#27;[90m# StepDefinitions.LoginSteps.user_launch_browser()&amp#27;[0m
  &amp#27;[32mWhen &amp#27;[0m&amp#27;[32mUser open url saucedemo&amp#27;[0m                                             &amp#27;[90m# StepDefinitions.LoginSteps.user_open_url()&amp#27;[0m
  &amp#27;[32mWhen &amp#27;[0m&amp#27;[32mUser enter username as &amp#27;[0m&amp#27;[32m&amp#27;[1m"visual_user"&amp#27;[0m&amp#27;[32m and password as &amp#27;[0m&amp#27;[32m&amp#27;[1m"secret_sauce"&amp#27;[0m &amp#27;[90m# StepDefinitions.LoginSteps.user_enter_user_as_and_password_as(java.lang.String,java.lang.String)&amp#27;[0m
  &amp#27;[32mAnd &amp#27;[0m&amp#27;[32mClick Login&amp#27;[0m                                                          &amp#27;[90m# StepDefinitions.LoginSteps.click_login()&amp#27;[0m
Cart badge after adding item 6: 6
  &amp#27;[32mThen &amp#27;[0m&amp#27;[32mVerify Cart badge&amp#27;[0m                                                   &amp#27;[90m# StepDefinitions.ProductSteps.verify_cart_badge()&amp#27;[0m
  &amp#27;[32mAnd &amp#27;[0m&amp#27;[32mClose the browser&amp#27;[0m                                                    &amp#27;[90m# StepDefinitions.LoginSteps.close_the_browser()&amp#27;[0m
]]></system-out>
  </testcase>
</testsuite>