<?xml version="1.0" encoding="UTF-8"?>
<testng-results ignored="0" total="1" passed="1" failed="0" skipped="0">
  <reporter-output>
  </reporter-output>
  <suite started-at="2025-01-21T04:16:11 GMT+08:00" name="Default suite" finished-at="2025-01-21T04:16:15 GMT+08:00" duration-ms="3063">
    <groups>
      <group name="cucumber">
        <method signature="AbstractTestNGCucumberTests.runScenario(io.cucumber.testng.PickleWrapper,io.cucumber.testng.FeatureWrapper)[pri:0, instance:testRunner.CucumberTestRunner@37271612]" name="runScenario" class="io.cucumber.testng.AbstractTestNGCucumberTests"/>
      </group> <!-- cucumber -->
    </groups>
    <test started-at="2025-01-21T04:16:11 GMT+08:00" name="Default test" finished-at="2025-01-21T04:16:15 GMT+08:00" duration-ms="3063">
      <class name="testRunner.CucumberTestRunner">
        <test-method is-config="true" signature="setUpClass(org.testng.ITestContext)[pri:0, instance:testRunner.CucumberTestRunner@37271612]" started-at="2025-01-21T04:16:11 GMT+08:00" name="setUpClass" finished-at="2025-01-21T04:16:12 GMT+08:00" duration-ms="490" status="PASS">
          <params>
            <param index="0">
              <value>
                <![CDATA[org.testng.TestRunner@49ec6a9f]]>
              </value>
            </param>
          </params>
          <reporter-output>
          </reporter-output>
        </test-method> <!-- setUpClass -->
        <test-method signature="runScenario(io.cucumber.testng.PickleWrapper,io.cucumber.testng.FeatureWrapper)[pri:0, instance:testRunner.CucumberTestRunner@37271612]" started-at="2025-01-21T04:16:12 GMT+08:00" name="runScenario" description="Runs Cucumber Scenarios" data-provider="scenarios" finished-at="2025-01-21T04:16:14 GMT+08:00" duration-ms="2436" status="PASS">
          <params>
            <param index="0">
              <value>
                <![CDATA["Verify Locked out user error message"]]>
              </value>
            </param>
            <param index="1">
              <value>
                <![CDATA["Login"]]>
              </value>
            </param>
          </params>
          <reporter-output>
          </reporter-output>
        </test-method> <!-- runScenario -->
        <test-method is-config="true" signature="tearDownClass()[pri:0, instance:testRunner.CucumberTestRunner@37271612]" started-at="2025-01-21T04:16:14 GMT+08:00" name="tearDownClass" finished-at="2025-01-21T04:16:15 GMT+08:00" duration-ms="84" status="PASS">
          <reporter-output>
          </reporter-output>
        </test-method> <!-- tearDownClass -->
      </class> <!-- testRunner.CucumberTestRunner -->
    </test> <!-- Default test -->
  </suite> <!-- Default suite -->
</testng-results>
