<?xml version="1.0" encoding="UTF-8"?>
<!-- Generated by org.testng.reporters.JUnitReportReporter -->
<testsuite hostname="romrobillos" failures="0" tests="2" name="testRunner.CucumberTestRunner" time="6.096" errors="1" timestamp="2025-01-20T03:38:24 GMT+08:00" skipped="0">
  <testcase classname="testRunner.CucumberTestRunner" name="runScenario" time="2.444"/>
  <testcase classname="testRunner.CucumberTestRunner" name="runScenario" time="3.652">
    <error message="Unable to find element with locator By.xpath: //*[@id=&quot;header_container&quot;]/div[2]/span
For documentation on this error, please visit: https://www.selenium.dev/documentation/webdriver/troubleshooting/errors#no-such-element-exception
Build info: version: &#039;4.27.0&#039;, revision: &#039;d6e718d134&#039;
System info: os.name: &#039;Windows 11&#039;, os.arch: &#039;amd64&#039;, os.version: &#039;10.0&#039;, java.version: &#039;23&#039;
Driver info: driver.version: RemoteWebDriver" type="org.openqa.selenium.NoSuchElementException">
      <![CDATA[org.openqa.selenium.NoSuchElementException: Unable to find element with locator By.xpath: //*[@id="header_container"]/div[2]/span
For documentation on this error, please visit: https://www.selenium.dev/documentation/webdriver/troubleshooting/errors#no-such-element-exception
Build info: version: '4.27.0', revision: 'd6e718d134'
System info: os.name: 'Windows 11', os.arch: 'amd64', os.version: '10.0', java.version: '23'
Driver info: driver.version: RemoteWebDriver
at org.openqa.selenium.remote.ElementLocation$ElementFinder$2.findElement(ElementLocation.java:168)
at org.openqa.selenium.remote.ElementLocation.findElement(ElementLocation.java:59)
at org.openqa.selenium.remote.RemoteWebDriver.findElement(RemoteWebDriver.java:368)
at org.openqa.selenium.remote.RemoteWebDriver.findElement(RemoteWebDriver.java:362)
at org.openqa.selenium.support.pagefactory.DefaultElementLocator.findElement(DefaultElementLocator.java:68)
at org.openqa.selenium.support.pagefactory.internal.LocatingElementHandler.invoke(LocatingElementHandler.java:38)
at jdk.proxy2/jdk.proxy2.$Proxy23.isDisplayed(Unknown Source)
at pageObjects.ProductPage.isProductPageDisplayed(ProductPage.java:102)
at StepDefinitions.LoginSteps.page_title_should_be_on_product_page(LoginSteps.java:61)
at ✽.Page Title should be on Product Page(file:///C:/Users/admin/eclipse-workspace/BDD/BDD-Saucedemo/Features/Login.feature:28)
]]>
    </error>
  </testcase> <!-- runScenario -->
</testsuite> <!-- testRunner.CucumberTestRunner -->
